TN:
SF:src\renderer\lib\motion.ts
FNF:0
FNH:0
DA:14,1
DA:26,1
DA:34,1
DA:36,1
DA:39,1
DA:45,1
LF:6
LH:6
BRF:0
BRH:0
end_of_record
TN:
SF:src\renderer\lib\tags.ts
FN:25,normalizeTagLabel
FNF:1
FNH:1
FNDA:11,normalizeTagLabel
DA:5,1
DA:26,11
DA:27,11
DA:28,11
DA:29,11
LF:5
LH:5
BRDA:29,0,0,8
BRDA:29,0,1,3
BRF:2
BRH:2
end_of_record
TN:
SF:src\renderer\lib\time.ts
FN:1,formatElapsed
FN:11,formatHM
FN:19,formatHours
FN:23,startOfDay
FN:29,endOfDay
FN:35,startOfWeek
FN:42,endOfWeek
FN:49,isoDate
FN:56,clockTime
FNF:9
FNH:9
FNDA:9,formatElapsed
FNDA:5,formatHM
FNDA:3,formatHours
FNDA:8,startOfDay
FNDA:4,endOfDay
FNDA:7,startOfWeek
FNDA:3,endOfWeek
FNDA:7,isoDate
FNDA:1,clockTime
DA:2,9
DA:3,9
DA:4,9
DA:5,9
DA:6,9
DA:7,3
DA:8,6
DA:12,5
DA:13,5
DA:14,5
DA:15,5
DA:16,3
DA:20,3
DA:24,8
DA:25,8
DA:26,8
DA:30,4
DA:31,4
DA:32,4
DA:36,7
DA:37,7
DA:38,7
DA:39,7
DA:43,3
DA:44,3
DA:45,3
DA:46,3
DA:50,7
DA:51,7
DA:52,7
DA:53,7
DA:57,1
LF:32
LH:32
BRDA:6,0,0,3
BRDA:6,0,1,6
BRDA:15,1,0,2
BRDA:15,1,1,3
BRDA:23,2,0,8
BRDA:29,3,0,4
BRDA:35,4,0,7
BRDA:37,5,0,7
BRDA:37,5,1,1
BRDA:38,6,0,5
BRDA:38,6,1,2
BRDA:42,7,0,3
BRF:12
BRH:12
end_of_record
TN:
SF:src\shared\constants.ts
FNF:0
FNH:0
DA:11,1
DA:14,1
DA:17,1
DA:27,1
DA:34,1
DA:48,1
DA:57,1
DA:61,1
DA:64,1
DA:77,1
DA:83,1
DA:89,1
DA:97,1
LF:13
LH:13
BRF:0
BRH:0
end_of_record
TN:
SF:src\shared\hotkeys.ts
FN:17,detectPlatform
FN:94,shortcutLabel
FN:104,globalAccelerator
FN:118,matchInAppShortcut
FN:131,isEditableTarget
FNF:5
FNH:5
FNDA:4,detectPlatform
FNDA:4,shortcutLabel
FNDA:4,globalAccelerator
FNDA:6,matchInAppShortcut
FNDA:8,isEditableTarget
DA:18,4
DA:19,4
DA:20,4
DA:21,3
DA:22,2
DA:37,1
DA:98,4
DA:99,4
DA:108,4
DA:109,4
DA:110,1
DA:112,3
DA:119,6
DA:120,4
DA:127,4
DA:128,4
DA:132,8
DA:135,7
DA:140,7
DA:141,5
DA:142,4
DA:143,3
DA:144,2
DA:145,1
LF:24
LH:24
BRDA:18,0,0,0
BRDA:18,0,1,4
BRDA:20,1,0,1
BRDA:20,1,1,3
BRDA:21,2,0,1
BRDA:21,2,1,2
BRDA:96,3,0,4
BRDA:99,4,0,2
BRDA:99,4,1,2
BRDA:106,5,0,4
BRDA:109,6,0,1
BRDA:109,6,1,3
BRDA:112,7,0,2
BRDA:112,7,1,1
BRDA:119,8,0,2
BRDA:119,8,1,4
BRDA:119,9,0,6
BRDA:119,9,1,5
BRDA:119,9,2,4
BRDA:128,10,0,4
BRDA:128,10,1,1
BRDA:132,11,0,1
BRDA:132,11,1,7
BRDA:140,12,0,2
BRDA:140,12,1,5
BRDA:141,13,0,1
BRDA:141,13,1,4
BRDA:142,14,0,1
BRDA:142,14,1,3
BRDA:142,15,0,4
BRDA:142,15,1,2
BRDA:143,16,0,1
BRDA:143,16,1,2
BRDA:143,17,0,3
BRDA:143,17,1,1
BRDA:144,18,0,1
BRDA:144,18,1,1
BRF:37
BRH:36
end_of_record
TN:
SF:src\shared\models.ts
FNF:0
FNH:0
DA:10,1
DA:18,1
DA:19,1
DA:27,1
DA:36,1
DA:46,1
DA:53,1
DA:62,1
DA:71,1
DA:79,1
DA:92,1
DA:100,1
DA:108,1
DA:110,1
DA:127,1
DA:138,1
DA:145,1
DA:157,1
DA:169,1
DA:177,1
DA:185,1
DA:190,1
LF:22
LH:22
BRF:0
BRH:0
end_of_record
TN:
SF:src\shared\schemas.ts
FNF:0
FNH:0
DA:48,1
DA:49,1
DA:50,1
DA:51,1
DA:53,1
DA:58,1
DA:64,1
DA:74,1
DA:85,1
DA:258,1
LF:10
LH:10
BRF:0
BRH:0
end_of_record
TN:
SF:src\shared\workHours.ts
FN:21,withinWorkHours
FN:28,(anonymous_1)
FN:29,(anonymous_2)
FNF:3
FNH:3
FNDA:7,withinWorkHours
FNDA:10,(anonymous_1)
FNDA:10,(anonymous_2)
DA:9,1
DA:25,7
DA:26,6
DA:27,5
DA:28,10
DA:29,10
DA:30,5
DA:31,5
DA:32,5
DA:34,3
LF:10
LH:10
BRDA:23,0,0,7
BRDA:25,1,0,1
BRDA:25,1,1,6
BRDA:26,2,0,1
BRDA:26,2,1,5
BRDA:32,3,0,2
BRDA:32,3,1,3
BRDA:32,4,0,2
BRDA:32,4,1,2
BRDA:34,5,0,3
BRDA:34,5,1,2
BRF:11
BRH:11
end_of_record
