TN:
SF:src\renderer\lib\integrations.ts
FNF:0
FNH:0
DA:9,1
LF:1
LH:1
BRF:0
BRH:0
end_of_record
TN:
SF:src\renderer\lib\time.ts
FN:1,formatElapsed
FN:11,formatHM
FN:19,formatHours
FN:23,startOfDay
FN:29,endOfDay
FN:35,startOfWeek
FN:42,endOfWeek
FN:49,isoDate
FN:56,clockTime
FNF:9
FNH:9
FNDA:9,formatElapsed
FNDA:5,formatHM
FNDA:3,formatHours
FNDA:7,startOfDay
FNDA:4,endOfDay
FNDA:6,startOfWeek
FNDA:3,endOfWeek
FNDA:7,isoDate
FNDA:1,clockTime
DA:2,9
DA:3,9
DA:4,9
DA:5,9
DA:6,9
DA:7,3
DA:8,6
DA:12,5
DA:13,5
DA:14,5
DA:15,5
DA:16,3
DA:20,3
DA:24,7
DA:25,7
DA:26,7
DA:30,4
DA:31,4
DA:32,4
DA:36,6
DA:37,6
DA:38,6
DA:39,6
DA:43,3
DA:44,3
DA:45,3
DA:46,3
DA:50,7
DA:51,7
DA:52,7
DA:53,7
DA:57,1
LF:32
LH:32
BRDA:6,0,0,3
BRDA:6,0,1,6
BRDA:15,1,0,2
BRDA:15,1,1,3
BRDA:23,2,0,7
BRDA:29,3,0,4
BRDA:35,4,0,6
BRDA:37,5,0,6
BRDA:37,5,1,0
BRDA:38,6,0,4
BRDA:38,6,1,2
BRDA:42,7,0,3
BRF:12
BRH:11
end_of_record
TN:
SF:src\shared\constants.ts
FNF:0
FNH:0
DA:11,1
DA:14,1
DA:17,1
DA:27,1
DA:34,1
DA:47,1
DA:56,1
DA:60,1
DA:63,1
DA:72,1
DA:80,1
LF:11
LH:11
BRF:0
BRH:0
end_of_record
TN:
SF:src\shared\hotkeys.ts
FN:11,detectPlatform
FN:39,shortcutLabel
FN:48,globalAccelerator
FNF:3
FNH:3
FNDA:4,detectPlatform
FNDA:4,shortcutLabel
FNDA:3,globalAccelerator
DA:12,4
DA:13,4
DA:14,4
DA:15,3
DA:16,2
DA:28,1
DA:43,4
DA:44,4
DA:52,3
DA:53,3
LF:10
LH:10
BRDA:12,0,0,0
BRDA:12,0,1,4
BRDA:14,1,0,1
BRDA:14,1,1,3
BRDA:15,2,0,1
BRDA:15,2,1,2
BRDA:41,3,0,4
BRDA:44,4,0,2
BRDA:44,4,1,2
BRDA:50,5,0,3
BRDA:53,6,0,2
BRDA:53,6,1,1
BRF:12
BRH:11
end_of_record
TN:
SF:src\shared\models.ts
FNF:0
FNH:0
DA:10,1
DA:18,1
DA:19,1
DA:27,1
DA:36,1
DA:46,1
DA:53,1
DA:62,1
DA:71,1
DA:79,1
DA:92,1
DA:100,1
DA:108,1
DA:110,1
DA:126,1
DA:138,1
DA:146,1
DA:154,1
DA:159,1
LF:19
LH:19
BRF:0
BRH:0
end_of_record
TN:
SF:src\shared\schemas.ts
FNF:0
FNH:0
DA:43,1
DA:44,1
DA:45,1
DA:46,1
DA:53,1
DA:197,1
LF:6
LH:6
BRF:0
BRH:0
end_of_record
